<?xml version="1.0" encoding="UTF-8"?>
<!-- Generated by org.testng.reporters.JUnitXMLReporter -->
<testsuite hostname="Yammys-MacBook-Pro.local" tests="4" failures="0" timestamp="24 Mar 2020 06:38:19 GMT" time="0.028" errors="0">
  <testcase name="firstTestMethod" time="0.002" classname="TestClassOne"/>
  <testcase name="secondTestMethod" time="0.0" classname="TestClassOne"/>
  <testcase name="firstTestMethod" time="0.0" classname="TestClassTwo"/>
  <testcase name="secondTestMethod" time="0.001" classname="TestClassTwo"/>
</testsuite>
